Arguments: 
  /Users/chris/.nvm/versions/node/v11.10.0/bin/node /usr/local/Cellar/yarn/1.13.0/libexec/bin/yarn.js

PATH: 
  /Users/chris/google-cloud-sdk/bin:/Users/chris/.nvm/versions/node/v11.10.0/bin:/usr/local/bin:/usr/bin:/bin:/usr/sbin:/sbin:/Library/TeX/texbin:/usr/local/go/bin:/opt/X11/bin

Yarn version: 
  1.13.0

Node version: 
  11.10.0

Platform: 
  darwin x64

Trace: 
  Error: https://registry.yarnpkg.com/@cherryswap%2fsmart-contracts: Not found
      at Request.params.callback [as _callback] (/usr/local/Cellar/yarn/1.13.0/libexec/lib/cli.js:66255:18)
      at Request.self.callback (/usr/local/Cellar/yarn/1.13.0/libexec/lib/cli.js:129397:22)
      at Request.emit (events.js:197:13)
      at Request.<anonymous> (/usr/local/Cellar/yarn/1.13.0/libexec/lib/cli.js:130369:10)
      at Request.emit (events.js:197:13)
      at IncomingMessage.<anonymous> (/usr/local/Cellar/yarn/1.13.0/libexec/lib/cli.js:130291:12)
      at Object.onceWrapper (events.js:285:13)
      at IncomingMessage.emit (events.js:202:15)
      at endReadableNT (_stream_readable.js:1129:12)
      at processTicksAndRejections (internal/process/next_tick.js:76:17)

npm manifest: 
  {
      "name": "@cherryswap/front-end",
      "version": "1.0.0",
      "description": "> TODO: description",
      "homepage": "https://github.com/NeapolitanSwaps/CherrySwap#readme",
      "license": "ISC",
      "dependencies": {
          "@cherryswap/smart-contracts": "1.0.0",
          "@statnett/vue-plotly": "^0.3.2",
          "apexcharts": "^3.6.7",
          "axios": "^0.18.0",
          "chai": "^4.2.0",
          "chai-as-promised": "^7.1.1",
          "chai-bignumber": "^3.0.0",
          "chai-bn": "0.1.0-beta.0",
          "core-js": "^2.6.5",
          "cross-env": "^5.2.0",
          "cryptocompare": "^1.0.0",
          "ethjs-abi": "^0.2.1",
          "moment": "^2.24.0",
          "pify": "^4.0.1",
          "plotly.js": "^1.49.4",
          "typeface-space-mono": "^0.0.71",
          "vue": "^2.6.6",
          "vue-apexcharts": "^1.3.4",
          "vue-cryptoicon": "^0.1.5",
          "vue-jazzicon": "^0.1.3",
          "vue-js-modal": "^1.3.28",
          "vue-js-toggle-button": "^1.3.2",
          "vue-lottie": "^0.2.1",
          "vue-material": "^1.0.0-beta-10.2",
          "vue-router": "^3.0.1",
          "vue-slider-component": "^3.0.27",
          "vuex": "^3.0.1",
          "vuex-persistedstate": "^2.5.4",
          "@vue/cli-plugin-babel": "^3.5.0",
          "@vue/cli-plugin-eslint": "^3.5.0",
          "@vue/cli-service": "^3.5.0",
          "babel-eslint": "^10.0.1",
          "eslint": "^5.8.0",
          "eslint-plugin-vue": "^5.0.0",
          "node-sass": "^4.11.0",
          "sass-loader": "^7.1.0",
          "vue-svg-loader": "^0.12.0",
          "vue-template-compiler": "^2.5.21",
          "webpack": "^4.29.6"
      },
      "repository": {
          "type": "git",
          "url": "git+https://github.com/NeapolitanSwaps/CherrySwap.git"
      },
      "scripts": {
          "serve": "vue-cli-service serve",
          "build": "cross-env NODE_OPTIONS=--max_old_space_size=4096 vue-cli-service build",
          "lint": "vue-cli-service lint",
          "test": "echo \"No tests\" && exit 0"
      },
      "bugs": {
          "url": "https://github.com/NeapolitanSwaps/CherrySwap/issues"
      },
      "eslintConfig": {
          "root": true,
          "env": {
              "node": true
          },
          "extends": [
              "plugin:vue/essential",
              "eslint:recommended"
          ],
          "rules": {},
          "parserOptions": {
              "parser": "babel-eslint"
          }
      },
      "postcss": {
          "plugins": {
              "autoprefixer": {}
          }
      },
      "browserslist": [
          "> 1%",
          "last 2 versions",
          "not ie <= 8"
      ]
  }

yarn manifest: 
  No manifest

Lockfile: 
  No lockfile
